<?xml version="1.0" encoding="UTF-8"?>
<!-- Generated by org.testng.reporters.JUnitXMLReporter -->
<testsuite ignored="0" hostname="DESKTOP-PBGSVI3" failures="0" tests="4" name="Default test" time="32.901" errors="0" timestamp="2023-03-10T10:24:28 IST">
  <testcase classname="htmlreport" name="tc1" time="31.179"/>
  <testcase classname="htmlreport" name="tc2" time="0.004"/>
  <testcase classname="htmlreport" name="tc3" time="0.004"/>
  <testcase classname="htmlreport" name="tc4" time="1.606"/>
</testsuite> <!-- Default test -->
