<?xml version="1.0" encoding="UTF-8"?>
<testng-results ignored="0" total="4" passed="4" failed="0" skipped="0">
  <reporter-output>
  </reporter-output>
  <suite started-at="2023-03-10T10:23:55 IST" name="Default suite" finished-at="2023-03-10T10:24:28 IST" duration-ms="32901">
    <groups>
    </groups>
    <test started-at="2023-03-10T10:23:55 IST" name="Default test" finished-at="2023-03-10T10:24:28 IST" duration-ms="32901">
      <class name="htmlreport">
        <test-method signature="tc1()[pri:0, instance:htmlreport@771a660]" started-at="2023-03-10T10:23:56 IST" name="tc1" finished-at="2023-03-10T10:24:27 IST" duration-ms="31179" status="PASS">
          <reporter-output>
          </reporter-output>
        </test-method> <!-- tc1 -->
        <test-method signature="tc2()[pri:1, instance:htmlreport@771a660]" started-at="2023-03-10T10:24:27 IST" name="tc2" finished-at="2023-03-10T10:24:27 IST" duration-ms="4" status="PASS">
          <reporter-output>
          </reporter-output>
        </test-method> <!-- tc2 -->
        <test-method signature="tc3()[pri:2, instance:htmlreport@771a660]" started-at="2023-03-10T10:24:27 IST" name="tc3" finished-at="2023-03-10T10:24:27 IST" duration-ms="4" status="PASS">
          <reporter-output>
          </reporter-output>
        </test-method> <!-- tc3 -->
        <test-method signature="tc4()[pri:4, instance:htmlreport@771a660]" started-at="2023-03-10T10:24:27 IST" name="tc4" finished-at="2023-03-10T10:24:28 IST" duration-ms="1606" status="PASS">
          <reporter-output>
          </reporter-output>
        </test-method> <!-- tc4 -->
      </class> <!-- htmlreport -->
    </test> <!-- Default test -->
  </suite> <!-- Default suite -->
</testng-results>
